[0801/145143:ERROR:process_info.cc(608)] range at 0xa4bc623400000000, size 0x1bc fully unreadable
[0801/145143:ERROR:process_info.cc(608)] range at 0xa4bc629600000000, size 0x1bc fully unreadable
[0801/145143:ERROR:process_info.cc(608)] range at 0x0, size 0x1bc fully unreadable
[0801/145143:WARNING:in_range_cast.h(38)] value 1909729548594 out of range
[0801/145143:WARNING:in_range_cast.h(38)] value 1909729561008 out of range
[0801/145143:WARNING:in_range_cast.h(38)] value 1909729548214 out of range
[0801/145143:WARNING:in_range_cast.h(38)] value 1909729561438 out of range
[0801/145143:WARNING:in_range_cast.h(38)] value 1909729549308 out of range
[0801/145143:WARNING:in_range_cast.h(38)] value 1909729549236 out of range
[0801/145143:WARNING:in_range_cast.h(38)] value 1909729552128 out of range
[0801/145143:WARNING:in_range_cast.h(38)] value 1909729873888 out of range
[0801/152101:ERROR:process_info.cc(608)] range at 0x96dd628600000000, size 0x1c2 fully unreadable
[0801/152101:ERROR:process_info.cc(608)] range at 0x96dd62e800000000, size 0x1c2 fully unreadable
[0801/152101:ERROR:process_info.cc(608)] range at 0x0, size 0x1c2 fully unreadable
[0801/152101:WARNING:in_range_cast.h(38)] value 1935266353424 out of range
[0801/152101:WARNING:in_range_cast.h(38)] value 1935266365838 out of range
[0801/152101:WARNING:in_range_cast.h(38)] value 1935266353044 out of range
[0801/152101:WARNING:in_range_cast.h(38)] value 1935266366268 out of range
[0801/152101:WARNING:in_range_cast.h(38)] value 1935266354138 out of range
[0801/152101:WARNING:in_range_cast.h(38)] value 1935266354066 out of range
[0801/152101:WARNING:in_range_cast.h(38)] value 1935266356958 out of range
[0801/152101:WARNING:in_range_cast.h(38)] value 1935266956400 out of range
[0801/152101:ERROR:process_reader_win.cc(233)] ReadMemory at 0x69678fc000 of 81920 bytes failed: Only part of a ReadProcessMemory or WriteProcessMemory request was completed. (0x12B)
[0801/152101:ERROR:crash_report_exception_handler.cc(102)] WriteEverything failed
[0801/152101:ERROR:scoped_process_suspend.cc(38)] NtResumeProcess, ntstatus=-1073741558
[0801/213832:ERROR:process_info.cc(608)] range at 0x7dff622000000000, size 0x14c fully unreadable
[0801/213832:ERROR:process_info.cc(608)] range at 0x7dff628000000000, size 0x14c fully unreadable
[0801/213832:ERROR:process_info.cc(608)] range at 0x0, size 0x14c fully unreadable
[0801/213832:WARNING:in_range_cast.h(38)] value 1428043289090 out of range
[0801/213832:WARNING:in_range_cast.h(38)] value 1428043301504 out of range
[0801/213832:WARNING:in_range_cast.h(38)] value 1428043288710 out of range
[0801/213832:WARNING:in_range_cast.h(38)] value 1428043301934 out of range
[0801/213832:WARNING:in_range_cast.h(38)] value 1428043289804 out of range
[0801/213832:WARNING:in_range_cast.h(38)] value 1428043289732 out of range
[0801/213832:WARNING:in_range_cast.h(38)] value 1428043292624 out of range
[0801/213832:WARNING:in_range_cast.h(38)] value 1428043619024 out of range
[0809/123421:ERROR:process_info.cc(608)] range at 0x7e2a4d1c00000000, size 0x19f fully unreadable
[0809/123421:ERROR:process_info.cc(608)] range at 0x7e2a4d3c00000000, size 0x19f fully unreadable
[0809/123421:ERROR:process_info.cc(608)] range at 0x0, size 0x19f fully unreadable
[0809/123421:WARNING:in_range_cast.h(38)] value 1782465584204 out of range
[0809/123421:WARNING:in_range_cast.h(38)] value 1782465596734 out of range
[0809/123421:WARNING:in_range_cast.h(38)] value 1782465583824 out of range
[0809/123421:WARNING:in_range_cast.h(38)] value 1782465597158 out of range
[0809/123421:WARNING:in_range_cast.h(38)] value 1782465584918 out of range
[0809/123421:WARNING:in_range_cast.h(38)] value 1782465584846 out of range
[0809/123421:WARNING:in_range_cast.h(38)] value 1782465587738 out of range
[0809/123421:WARNING:in_range_cast.h(38)] value 1784528595520 out of range
[0809/123421:WARNING:in_range_cast.h(38)] value 108084205055182070 out of range
[0809/123421:WARNING:in_range_cast.h(38)] value 1784528118880 out of range
[0809/123421:WARNING:in_range_cast.h(38)] value 1784528975520 out of range
[0809/123421:WARNING:in_range_cast.h(38)] value 1784528685280 out of range
[0809/123445:ERROR:process_info.cc(608)] range at 0x59284d1c00000000, size 0x1a0 fully unreadable
[0809/123445:ERROR:process_info.cc(608)] range at 0x59284d3c00000000, size 0x1a0 fully unreadable
[0809/123445:ERROR:process_info.cc(608)] range at 0x0, size 0x1a0 fully unreadable
[0809/123445:WARNING:in_range_cast.h(38)] value 1788202599912 out of range
[0809/123445:WARNING:in_range_cast.h(38)] value 1788202612442 out of range
[0809/123445:WARNING:in_range_cast.h(38)] value 1788202599532 out of range
[0809/123445:WARNING:in_range_cast.h(38)] value 1788202612866 out of range
[0809/123445:WARNING:in_range_cast.h(38)] value 1788202600626 out of range
[0809/123445:WARNING:in_range_cast.h(38)] value 1788202600554 out of range
[0809/123445:WARNING:in_range_cast.h(38)] value 1788202603446 out of range
[0809/123445:WARNING:in_range_cast.h(38)] value 1788202679984 out of range
[0809/123445:WARNING:in_range_cast.h(38)] value 108084205055182070 out of range
[0809/123445:WARNING:in_range_cast.h(38)] value 1788202762816 out of range
[0812/214246:ERROR:process_info.cc(608)] range at 0xf6e462a200000000, size 0x1dd fully unreadable
[0812/214246:ERROR:process_info.cc(608)] range at 0xf6e4630200000000, size 0x1dd fully unreadable
[0812/214246:ERROR:process_info.cc(608)] range at 0x0, size 0x1dd fully unreadable
[0812/214246:WARNING:in_range_cast.h(38)] value 2052841799370 out of range
[0812/214246:WARNING:in_range_cast.h(38)] value 2052841811900 out of range
[0812/214246:WARNING:in_range_cast.h(38)] value 2052841798990 out of range
[0812/214246:WARNING:in_range_cast.h(38)] value 2052841812324 out of range
[0812/214246:WARNING:in_range_cast.h(38)] value 2052841800084 out of range
[0812/214246:WARNING:in_range_cast.h(38)] value 2052841800012 out of range
[0812/214246:WARNING:in_range_cast.h(38)] value 2052841802904 out of range
[0812/214246:WARNING:in_range_cast.h(38)] value 2052842095616 out of range
[0816/151050:ERROR:process_info.cc(608)] range at 0x701062e400000000, size 0x25b fully unreadable
[0816/151050:ERROR:process_info.cc(608)] range at 0x7010634600000000, size 0x25b fully unreadable
[0816/151050:ERROR:process_info.cc(608)] range at 0x0, size 0x25b fully unreadable
[0816/151050:WARNING:in_range_cast.h(38)] value 2591745638170 out of range
[0816/151050:WARNING:in_range_cast.h(38)] value 2591745650700 out of range
[0816/151050:WARNING:in_range_cast.h(38)] value 2591745637790 out of range
[0816/151050:WARNING:in_range_cast.h(38)] value 2591745651124 out of range
[0816/151050:WARNING:in_range_cast.h(38)] value 2591745638884 out of range
[0816/151050:WARNING:in_range_cast.h(38)] value 2591745638812 out of range
[0816/151050:WARNING:in_range_cast.h(38)] value 2591745641704 out of range
[0816/151050:WARNING:in_range_cast.h(38)] value 2591745951136 out of range
[0816/194806:ERROR:process_info.cc(608)] range at 0xf08662e600000000, size 0x16d fully unreadable
[0816/194806:ERROR:process_info.cc(608)] range at 0xf086634800000000, size 0x16d fully unreadable
[0816/194806:ERROR:process_info.cc(608)] range at 0x0, size 0x16d fully unreadable
[0816/194806:WARNING:in_range_cast.h(38)] value 1571698638618 out of range
[0816/194806:WARNING:in_range_cast.h(38)] value 1571698651148 out of range
[0816/194806:WARNING:in_range_cast.h(38)] value 1571698638238 out of range
[0816/194806:WARNING:in_range_cast.h(38)] value 1571698651572 out of range
[0816/194806:WARNING:in_range_cast.h(38)] value 1571698639332 out of range
[0816/194806:WARNING:in_range_cast.h(38)] value 1571698639260 out of range
[0816/194806:WARNING:in_range_cast.h(38)] value 1571698642152 out of range
[0816/194806:WARNING:in_range_cast.h(38)] value 1571698954544 out of range
[0816/204257:ERROR:process_info.cc(608)] range at 0x2d1362d600000000, size 0x285 fully unreadable
[0816/204257:ERROR:process_info.cc(608)] range at 0x2d13633800000000, size 0x285 fully unreadable
[0816/204257:ERROR:process_info.cc(608)] range at 0x0, size 0x285 fully unreadable
[0816/204257:WARNING:in_range_cast.h(38)] value 2771010130088 out of range
[0816/204257:WARNING:in_range_cast.h(38)] value 2771010142618 out of range
[0816/204257:WARNING:in_range_cast.h(38)] value 2771010129708 out of range
[0816/204257:WARNING:in_range_cast.h(38)] value 2771010143042 out of range
[0816/204257:WARNING:in_range_cast.h(38)] value 2771010130802 out of range
[0816/204257:WARNING:in_range_cast.h(38)] value 2771010130730 out of range
[0816/204257:WARNING:in_range_cast.h(38)] value 2771010133622 out of range
[0816/204257:WARNING:in_range_cast.h(38)] value 2771010669840 out of range
[0816/235729:ERROR:process_info.cc(608)] range at 0x1c7262e600000000, size 0x2e1 fully unreadable
[0816/235729:ERROR:process_info.cc(608)] range at 0x1c72634800000000, size 0x2e1 fully unreadable
[0816/235729:ERROR:process_info.cc(608)] range at 0x0, size 0x2e1 fully unreadable
[0816/235729:WARNING:in_range_cast.h(38)] value 3165868392218 out of range
[0816/235729:WARNING:in_range_cast.h(38)] value 3165868404748 out of range
[0816/235729:WARNING:in_range_cast.h(38)] value 3165868391838 out of range
[0816/235729:WARNING:in_range_cast.h(38)] value 3165868405172 out of range
[0816/235729:WARNING:in_range_cast.h(38)] value 3165868392932 out of range
[0816/235729:WARNING:in_range_cast.h(38)] value 3165868392860 out of range
[0816/235729:WARNING:in_range_cast.h(38)] value 3165868395752 out of range
[0816/235729:WARNING:in_range_cast.h(38)] value 3165868700112 out of range
[0817/001835:ERROR:process_info.cc(608)] range at 0x20be62e800000000, size 0x25c fully unreadable
[0817/001835:ERROR:process_info.cc(608)] range at 0x20be634a00000000, size 0x25c fully unreadable
[0817/001835:ERROR:process_info.cc(608)] range at 0x0, size 0x25c fully unreadable
[0817/001835:WARNING:in_range_cast.h(38)] value 2594709831450 out of range
[0817/001835:WARNING:in_range_cast.h(38)] value 2594709843980 out of range
[0817/001835:WARNING:in_range_cast.h(38)] value 2594709831070 out of range
[0817/001835:WARNING:in_range_cast.h(38)] value 2594709844404 out of range
[0817/001835:WARNING:in_range_cast.h(38)] value 2594709832164 out of range
[0817/001835:WARNING:in_range_cast.h(38)] value 2594709832092 out of range
[0817/001835:WARNING:in_range_cast.h(38)] value 2594709834984 out of range
[0817/001835:WARNING:in_range_cast.h(38)] value 2594710141408 out of range
[0817/112944:ERROR:process_info.cc(608)] range at 0x8084648600000000, size 0x1d8 fully unreadable
[0817/112944:ERROR:process_info.cc(608)] range at 0x808464e800000000, size 0x1d8 fully unreadable
[0817/112944:ERROR:process_info.cc(608)] range at 0x0, size 0x1d8 fully unreadable
[0817/112944:WARNING:in_range_cast.h(38)] value 2029380702376 out of range
[0817/112944:WARNING:in_range_cast.h(38)] value 2029380714906 out of range
[0817/112944:WARNING:in_range_cast.h(38)] value 2029380701996 out of range
[0817/112944:WARNING:in_range_cast.h(38)] value 2029380715330 out of range
[0817/112944:WARNING:in_range_cast.h(38)] value 2029380703090 out of range
[0817/112944:WARNING:in_range_cast.h(38)] value 2029380703018 out of range
[0817/112944:WARNING:in_range_cast.h(38)] value 2029380705910 out of range
[0817/112944:WARNING:in_range_cast.h(38)] value 2029381263648 out of range
[0817/114634:ERROR:process_info.cc(608)] range at 0x59e4648800000000, size 0x1db fully unreadable
[0817/114634:ERROR:process_info.cc(608)] range at 0x59e464ea00000000, size 0x1db fully unreadable
[0817/114634:ERROR:process_info.cc(608)] range at 0x0, size 0x1db fully unreadable
[0817/114634:WARNING:in_range_cast.h(38)] value 2041617584296 out of range
[0817/114634:WARNING:in_range_cast.h(38)] value 2041617596826 out of range
[0817/114634:WARNING:in_range_cast.h(38)] value 2041617583916 out of range
[0817/114634:WARNING:in_range_cast.h(38)] value 2041617597250 out of range
[0817/114634:WARNING:in_range_cast.h(38)] value 2041617585010 out of range
[0817/114634:WARNING:in_range_cast.h(38)] value 2041617584938 out of range
[0817/114634:WARNING:in_range_cast.h(38)] value 2041617587830 out of range
[0817/114634:WARNING:in_range_cast.h(38)] value 2041618145920 out of range
[0817/162905:ERROR:process_info.cc(608)] range at 0xda75648600000000, size 0x216 fully unreadable
[0817/162905:ERROR:process_info.cc(608)] range at 0xda7564e800000000, size 0x216 fully unreadable
[0817/162905:ERROR:process_info.cc(608)] range at 0x0, size 0x216 fully unreadable
[0817/162905:WARNING:in_range_cast.h(38)] value 2297177641128 out of range
[0817/162905:WARNING:in_range_cast.h(38)] value 2297177653658 out of range
[0817/162905:WARNING:in_range_cast.h(38)] value 2297177640748 out of range
[0817/162905:WARNING:in_range_cast.h(38)] value 2297177654082 out of range
[0817/162905:WARNING:in_range_cast.h(38)] value 2297177641842 out of range
[0817/162905:WARNING:in_range_cast.h(38)] value 2297177641770 out of range
[0817/162905:WARNING:in_range_cast.h(38)] value 2297177644662 out of range
[0817/162905:WARNING:in_range_cast.h(38)] value 2297178202800 out of range
[0817/181309:ERROR:process_info.cc(608)] range at 0xbe4c64f800000000, size 0x285 fully unreadable
[0817/181309:ERROR:process_info.cc(608)] range at 0xbe4c655a00000000, size 0x285 fully unreadable
[0817/181309:ERROR:process_info.cc(608)] range at 0x0, size 0x285 fully unreadable
[0817/181309:WARNING:in_range_cast.h(38)] value 2773446826154 out of range
[0817/181309:WARNING:in_range_cast.h(38)] value 2773446838684 out of range
[0817/181309:WARNING:in_range_cast.h(38)] value 2773446825774 out of range
[0817/181309:WARNING:in_range_cast.h(38)] value 2773446839108 out of range
[0817/181309:WARNING:in_range_cast.h(38)] value 2773446826868 out of range
[0817/181309:WARNING:in_range_cast.h(38)] value 2773446826796 out of range
[0817/181309:WARNING:in_range_cast.h(38)] value 2773446829688 out of range
[0817/181309:WARNING:in_range_cast.h(38)] value 2773447123680 out of range
[0817/205447:ERROR:process_info.cc(608)] range at 0xac5c4cbc00000000, size 0x148 fully unreadable
[0817/205447:ERROR:process_info.cc(608)] range at 0xac5c4cdc00000000, size 0x148 fully unreadable
[0817/205447:ERROR:process_info.cc(608)] range at 0x0, size 0x148 fully unreadable
[0817/205447:WARNING:in_range_cast.h(38)] value 1411727588120 out of range
[0817/205447:WARNING:in_range_cast.h(38)] value 1411727600650 out of range
[0817/205447:WARNING:in_range_cast.h(38)] value 1411727587740 out of range
[0817/205447:WARNING:in_range_cast.h(38)] value 1411727601074 out of range
[0817/205447:WARNING:in_range_cast.h(38)] value 1411727588834 out of range
[0817/205447:WARNING:in_range_cast.h(38)] value 1411727588762 out of range
[0817/205447:WARNING:in_range_cast.h(38)] value 1411727591654 out of range
[0817/205447:WARNING:in_range_cast.h(38)] value 1411641325072 out of range
[0817/205447:WARNING:in_range_cast.h(38)] value 108084205055182070 out of range
[0817/205447:WARNING:in_range_cast.h(38)] value 1411641435744 out of range
[0818/172144:ERROR:process_info.cc(608)] range at 0xeb0964e200000000, size 0x250 fully unreadable
[0818/172144:ERROR:process_info.cc(608)] range at 0xeb09654600000000, size 0x250 fully unreadable
[0818/172144:ERROR:process_info.cc(608)] range at 0x0, size 0x250 fully unreadable
[0818/172145:WARNING:in_range_cast.h(38)] value 2546564159628 out of range
[0818/172145:WARNING:in_range_cast.h(38)] value 2546564172158 out of range
[0818/172145:WARNING:in_range_cast.h(38)] value 2546564159248 out of range
[0818/172145:WARNING:in_range_cast.h(38)] value 2546564172582 out of range
[0818/172145:WARNING:in_range_cast.h(38)] value 2546564160342 out of range
[0818/172145:WARNING:in_range_cast.h(38)] value 2546564160270 out of range
[0818/172145:WARNING:in_range_cast.h(38)] value 2546564163162 out of range
[0818/172145:WARNING:in_range_cast.h(38)] value 2546564483056 out of range
[0818/173509:ERROR:process_info.cc(608)] range at 0x13c164de00000000, size 0x204 fully unreadable
[0818/173509:ERROR:process_info.cc(608)] range at 0x13c1654200000000, size 0x204 fully unreadable
[0818/173509:ERROR:process_info.cc(608)] range at 0x0, size 0x204 fully unreadable
[0818/173509:WARNING:in_range_cast.h(38)] value 2216534544650 out of range
[0818/173509:WARNING:in_range_cast.h(38)] value 2216534557180 out of range
[0818/173509:WARNING:in_range_cast.h(38)] value 2216534544270 out of range
[0818/173509:WARNING:in_range_cast.h(38)] value 2216534557604 out of range
[0818/173509:WARNING:in_range_cast.h(38)] value 2216534545364 out of range
[0818/173509:WARNING:in_range_cast.h(38)] value 2216534545292 out of range
[0818/173509:WARNING:in_range_cast.h(38)] value 2216534548184 out of range
[0818/173509:WARNING:in_range_cast.h(38)] value 2216535158096 out of range
[0826/124215:ERROR:process_info.cc(608)] range at 0x3649635800000000, size 0x21c fully unreadable
[0826/124215:ERROR:process_info.cc(608)] range at 0x364963ba00000000, size 0x21c fully unreadable
[0826/124215:ERROR:process_info.cc(608)] range at 0x0, size 0x21c fully unreadable
[0826/124215:WARNING:in_range_cast.h(38)] value 2320193097996 out of range
[0826/124215:WARNING:in_range_cast.h(38)] value 2320193110526 out of range
[0826/124215:WARNING:in_range_cast.h(38)] value 2320193097616 out of range
[0826/124215:WARNING:in_range_cast.h(38)] value 2320193110950 out of range
[0826/124215:WARNING:in_range_cast.h(38)] value 2320193098710 out of range
[0826/124215:WARNING:in_range_cast.h(38)] value 2320193098638 out of range
[0826/124215:WARNING:in_range_cast.h(38)] value 2320193101530 out of range
[0826/124215:WARNING:in_range_cast.h(38)] value 2320193649904 out of range
[0826/124644:ERROR:process_info.cc(608)] range at 0x7d9d636600000000, size 0x1ee fully unreadable
[0826/124644:ERROR:process_info.cc(608)] range at 0x7d9d63c800000000, size 0x1ee fully unreadable
[0826/124644:ERROR:process_info.cc(608)] range at 0x0, size 0x1ee fully unreadable
[0826/124644:WARNING:in_range_cast.h(38)] value 2123821289740 out of range
[0826/124644:WARNING:in_range_cast.h(38)] value 2123821302270 out of range
[0826/124644:WARNING:in_range_cast.h(38)] value 2123821289360 out of range
[0826/124644:WARNING:in_range_cast.h(38)] value 2123821302694 out of range
[0826/124644:WARNING:in_range_cast.h(38)] value 2123821290454 out of range
[0826/124644:WARNING:in_range_cast.h(38)] value 2123821290382 out of range
[0826/124644:WARNING:in_range_cast.h(38)] value 2123821293274 out of range
[0826/124644:WARNING:in_range_cast.h(38)] value 2123821887440 out of range
[0826/124646:ERROR:process_info.cc(608)] range at 0x2904636800000000, size 0x146 fully unreadable
[0826/124646:ERROR:process_info.cc(608)] range at 0x290463ca00000000, size 0x146 fully unreadable
[0826/124646:ERROR:process_info.cc(608)] range at 0x0, size 0x146 fully unreadable
[0826/124646:WARNING:in_range_cast.h(38)] value 1400847470860 out of range
[0826/124646:WARNING:in_range_cast.h(38)] value 1400847483390 out of range
[0826/124646:WARNING:in_range_cast.h(38)] value 1400847470480 out of range
[0826/124646:WARNING:in_range_cast.h(38)] value 1400847483814 out of range
[0826/124646:WARNING:in_range_cast.h(38)] value 1400847471574 out of range
[0826/124646:WARNING:in_range_cast.h(38)] value 1400847471502 out of range
[0826/124646:WARNING:in_range_cast.h(38)] value 1400847474394 out of range
[0826/124646:WARNING:in_range_cast.h(38)] value 1400848066512 out of range
[0826/125706:ERROR:process_info.cc(608)] range at 0xbf5b4d1c00000000, size 0x1ef fully unreadable
[0826/125706:ERROR:process_info.cc(608)] range at 0xbf5b4d3c00000000, size 0x1ef fully unreadable
[0826/125706:ERROR:process_info.cc(608)] range at 0x0, size 0x1ef fully unreadable
[0826/125706:WARNING:in_range_cast.h(38)] value 2129305883068 out of range
[0826/125706:WARNING:in_range_cast.h(38)] value 2129305895598 out of range
[0826/125706:WARNING:in_range_cast.h(38)] value 2129305882688 out of range
[0826/125706:WARNING:in_range_cast.h(38)] value 2129305896022 out of range
[0826/125706:WARNING:in_range_cast.h(38)] value 2129305883782 out of range
[0826/125706:WARNING:in_range_cast.h(38)] value 2129305883710 out of range
[0826/125706:WARNING:in_range_cast.h(38)] value 2129305886602 out of range
[0826/125706:WARNING:in_range_cast.h(38)] value 2129219711456 out of range
[0826/125706:WARNING:in_range_cast.h(38)] value 108084205055182070 out of range
[0826/125706:WARNING:in_range_cast.h(38)] value 2129262553936 out of range
[0826/125706:WARNING:in_range_cast.h(38)] value 2129219801360 out of range
[0827/151038:ERROR:process_info.cc(608)] range at 0x8b78635800000000, size 0x158 fully unreadable
[0827/151038:ERROR:process_info.cc(608)] range at 0x8b7863ba00000000, size 0x158 fully unreadable
[0827/151038:ERROR:process_info.cc(608)] range at 0x0, size 0x158 fully unreadable
[0827/151039:WARNING:in_range_cast.h(38)] value 1479808651532 out of range
[0827/151039:WARNING:in_range_cast.h(38)] value 1479808664062 out of range
[0827/151039:WARNING:in_range_cast.h(38)] value 1479808651152 out of range
[0827/151039:WARNING:in_range_cast.h(38)] value 1479808664486 out of range
[0827/151039:WARNING:in_range_cast.h(38)] value 1479808652246 out of range
[0827/151039:WARNING:in_range_cast.h(38)] value 1479808652174 out of range
[0827/151039:WARNING:in_range_cast.h(38)] value 1479808655066 out of range
[0827/151039:WARNING:in_range_cast.h(38)] value 1479809271328 out of range
[0827/152135:ERROR:process_info.cc(608)] range at 0xaff3636000000000, size 0x273 fully unreadable
[0827/152135:ERROR:process_info.cc(608)] range at 0xaff363c200000000, size 0x273 fully unreadable
[0827/152135:ERROR:process_info.cc(608)] range at 0x0, size 0x273 fully unreadable
[0827/152135:WARNING:in_range_cast.h(38)] value 2695896437004 out of range
[0827/152135:WARNING:in_range_cast.h(38)] value 2695896449534 out of range
[0827/152135:WARNING:in_range_cast.h(38)] value 2695896436624 out of range
[0827/152135:WARNING:in_range_cast.h(38)] value 2695896449958 out of range
[0827/152135:WARNING:in_range_cast.h(38)] value 2695896437718 out of range
[0827/152135:WARNING:in_range_cast.h(38)] value 2695896437646 out of range
[0827/152135:WARNING:in_range_cast.h(38)] value 2695896440538 out of range
[0827/152135:WARNING:in_range_cast.h(38)] value 2695897031840 out of range
[0827/153317:ERROR:process_info.cc(608)] range at 0xa0d2636400000000, size 0x227 fully unreadable
[0827/153317:ERROR:process_info.cc(608)] range at 0xa0d263c600000000, size 0x227 fully unreadable
[0827/153317:ERROR:process_info.cc(608)] range at 0x0, size 0x227 fully unreadable
[0827/153317:WARNING:in_range_cast.h(38)] value 2369225101580 out of range
[0827/153317:WARNING:in_range_cast.h(38)] value 2369225114110 out of range
[0827/153317:WARNING:in_range_cast.h(38)] value 2369225101200 out of range
[0827/153317:WARNING:in_range_cast.h(38)] value 2369225114534 out of range
[0827/153317:WARNING:in_range_cast.h(38)] value 2369225102294 out of range
[0827/153317:WARNING:in_range_cast.h(38)] value 2369225102222 out of range
[0827/153317:WARNING:in_range_cast.h(38)] value 2369225105114 out of range
[0827/153317:WARNING:in_range_cast.h(38)] value 2369225710736 out of range
[0827/153320:ERROR:process_info.cc(608)] range at 0x5c9a636000000000, size 0x22b fully unreadable
[0827/153320:ERROR:process_info.cc(608)] range at 0x5c9a63c200000000, size 0x22b fully unreadable
[0827/153320:ERROR:process_info.cc(608)] range at 0x0, size 0x22b fully unreadable
[0827/153320:WARNING:in_range_cast.h(38)] value 2385260450060 out of range
[0827/153320:WARNING:in_range_cast.h(38)] value 2385260462590 out of range
[0827/153320:WARNING:in_range_cast.h(38)] value 2385260449680 out of range
[0827/153320:WARNING:in_range_cast.h(38)] value 2385260463014 out of range
[0827/153320:WARNING:in_range_cast.h(38)] value 2385260450774 out of range
[0827/153320:WARNING:in_range_cast.h(38)] value 2385260450702 out of range
[0827/153320:WARNING:in_range_cast.h(38)] value 2385260453594 out of range
[0827/153320:WARNING:in_range_cast.h(38)] value 2385261044544 out of range
[0827/160226:ERROR:process_info.cc(608)] range at 0x99f7636200000000, size 0x1e2 fully unreadable
[0827/160226:ERROR:process_info.cc(608)] range at 0x99f763c400000000, size 0x1e2 fully unreadable
[0827/160226:ERROR:process_info.cc(608)] range at 0x0, size 0x1e2 fully unreadable
[0827/160226:WARNING:in_range_cast.h(38)] value 2072757342476 out of range
[0827/160226:WARNING:in_range_cast.h(38)] value 2072757355006 out of range
[0827/160226:WARNING:in_range_cast.h(38)] value 2072757342096 out of range
[0827/160226:WARNING:in_range_cast.h(38)] value 2072757355430 out of range
[0827/160226:WARNING:in_range_cast.h(38)] value 2072757343190 out of range
[0827/160226:WARNING:in_range_cast.h(38)] value 2072757343118 out of range
[0827/160226:WARNING:in_range_cast.h(38)] value 2072757346010 out of range
[0827/160226:WARNING:in_range_cast.h(38)] value 2072757946144 out of range
[0827/161546:ERROR:process_info.cc(608)] range at 0x9c03636200000000, size 0x278 fully unreadable
[0827/161546:ERROR:process_info.cc(608)] range at 0x9c0363c400000000, size 0x278 fully unreadable
[0827/161546:ERROR:process_info.cc(608)] range at 0x0, size 0x278 fully unreadable
[0827/161546:WARNING:in_range_cast.h(38)] value 2717036777740 out of range
[0827/161546:WARNING:in_range_cast.h(38)] value 2717036790270 out of range
[0827/161546:WARNING:in_range_cast.h(38)] value 2717036777360 out of range
[0827/161546:WARNING:in_range_cast.h(38)] value 2717036790694 out of range
[0827/161546:WARNING:in_range_cast.h(38)] value 2717036778454 out of range
[0827/161546:WARNING:in_range_cast.h(38)] value 2717036778382 out of range
[0827/161546:WARNING:in_range_cast.h(38)] value 2717036781274 out of range
[0827/161546:WARNING:in_range_cast.h(38)] value 2717037382384 out of range
[0827/162610:ERROR:process_info.cc(608)] range at 0x2a1b636000000000, size 0x1bc fully unreadable
[0827/162610:ERROR:process_info.cc(608)] range at 0x2a1b63c200000000, size 0x1bc fully unreadable
[0827/162610:ERROR:process_info.cc(608)] range at 0x0, size 0x1bc fully unreadable
[0827/162610:WARNING:in_range_cast.h(38)] value 1907671896332 out of range
[0827/162610:WARNING:in_range_cast.h(38)] value 1907671908862 out of range
[0827/162610:WARNING:in_range_cast.h(38)] value 1907671895952 out of range
[0827/162610:WARNING:in_range_cast.h(38)] value 1907671909286 out of range
[0827/162610:WARNING:in_range_cast.h(38)] value 1907671897046 out of range
[0827/162610:WARNING:in_range_cast.h(38)] value 1907671896974 out of range
[0827/162610:WARNING:in_range_cast.h(38)] value 1907671899866 out of range
[0827/162610:WARNING:in_range_cast.h(38)] value 1907672491792 out of range
[0827/162855:ERROR:process_info.cc(608)] range at 0xbaf1638a00000000, size 0x166 fully unreadable
[0827/162855:ERROR:process_info.cc(608)] range at 0xbaf163ec00000000, size 0x166 fully unreadable
[0827/162855:ERROR:process_info.cc(608)] range at 0x0, size 0x166 fully unreadable
[0827/162855:WARNING:in_range_cast.h(38)] value 1540734652684 out of range
[0827/162855:WARNING:in_range_cast.h(38)] value 1540734665214 out of range
[0827/162855:WARNING:in_range_cast.h(38)] value 1540734652304 out of range
[0827/162855:WARNING:in_range_cast.h(38)] value 1540734665638 out of range
[0827/162855:WARNING:in_range_cast.h(38)] value 1540734653398 out of range
[0827/162855:WARNING:in_range_cast.h(38)] value 1540734653326 out of range
[0827/162855:WARNING:in_range_cast.h(38)] value 1540734656218 out of range
[0827/162855:WARNING:in_range_cast.h(38)] value 1540735255904 out of range
[0827/162932:ERROR:process_info.cc(608)] range at 0x736c636200000000, size 0x1a3 fully unreadable
[0827/162932:ERROR:process_info.cc(608)] range at 0x736c63c400000000, size 0x1a3 fully unreadable
[0827/162932:ERROR:process_info.cc(608)] range at 0x0, size 0x1a3 fully unreadable
[0827/162932:WARNING:in_range_cast.h(38)] value 1801527759116 out of range
[0827/162932:WARNING:in_range_cast.h(38)] value 1801527771646 out of range
[0827/162932:WARNING:in_range_cast.h(38)] value 1801527758736 out of range
[0827/162932:WARNING:in_range_cast.h(38)] value 1801527772070 out of range
[0827/162932:WARNING:in_range_cast.h(38)] value 1801527759830 out of range
[0827/162932:WARNING:in_range_cast.h(38)] value 1801527759758 out of range
[0827/162932:WARNING:in_range_cast.h(38)] value 1801527762650 out of range
[0827/162932:WARNING:in_range_cast.h(38)] value 1801528362176 out of range
[0827/163617:ERROR:process_info.cc(608)] range at 0x5c88636400000000, size 0x13b fully unreadable
[0827/163617:ERROR:process_info.cc(608)] range at 0x5c8863c600000000, size 0x13b fully unreadable
[0827/163617:ERROR:process_info.cc(608)] range at 0x0, size 0x13b fully unreadable
[0827/163617:WARNING:in_range_cast.h(38)] value 1354467119372 out of range
[0827/163617:WARNING:in_range_cast.h(38)] value 1354467131902 out of range
[0827/163617:WARNING:in_range_cast.h(38)] value 1354467118992 out of range
[0827/163617:WARNING:in_range_cast.h(38)] value 1354467132326 out of range
[0827/163617:WARNING:in_range_cast.h(38)] value 1354467120086 out of range
[0827/163617:WARNING:in_range_cast.h(38)] value 1354467120014 out of range
[0827/163617:WARNING:in_range_cast.h(38)] value 1354467122906 out of range
[0827/163617:WARNING:in_range_cast.h(38)] value 1354467719424 out of range
[0827/164154:ERROR:process_info.cc(608)] range at 0x185c636200000000, size 0x1ed fully unreadable
[0827/164154:ERROR:process_info.cc(608)] range at 0x185c63c400000000, size 0x1ed fully unreadable
[0827/164154:ERROR:process_info.cc(608)] range at 0x0, size 0x1ed fully unreadable
[0827/164154:WARNING:in_range_cast.h(38)] value 2117827563788 out of range
[0827/164154:WARNING:in_range_cast.h(38)] value 2117827576318 out of range
[0827/164154:WARNING:in_range_cast.h(38)] value 2117827563408 out of range
[0827/164154:WARNING:in_range_cast.h(38)] value 2117827576742 out of range
[0827/164154:WARNING:in_range_cast.h(38)] value 2117827564502 out of range
[0827/164154:WARNING:in_range_cast.h(38)] value 2117827564430 out of range
[0827/164154:WARNING:in_range_cast.h(38)] value 2117827567322 out of range
[0827/164154:WARNING:in_range_cast.h(38)] value 2117828174096 out of range
[0827/164337:ERROR:process_info.cc(608)] range at 0x57f5636200000000, size 0x1e4 fully unreadable
[0827/164337:ERROR:process_info.cc(608)] range at 0x57f563c400000000, size 0x1e4 fully unreadable
[0827/164337:ERROR:process_info.cc(608)] range at 0x0, size 0x1e4 fully unreadable
[0827/164337:WARNING:in_range_cast.h(38)] value 2080239849740 out of range
[0827/164337:WARNING:in_range_cast.h(38)] value 2080239862270 out of range
[0827/164337:WARNING:in_range_cast.h(38)] value 2080239849360 out of range
[0827/164337:WARNING:in_range_cast.h(38)] value 2080239862694 out of range
[0827/164337:WARNING:in_range_cast.h(38)] value 2080239850454 out of range
[0827/164337:WARNING:in_range_cast.h(38)] value 2080239850382 out of range
[0827/164337:WARNING:in_range_cast.h(38)] value 2080239853274 out of range
[0827/164337:WARNING:in_range_cast.h(38)] value 2080240452800 out of range
[0827/164522:ERROR:process_info.cc(608)] range at 0xce2f63c400000000, size 0x176 fully unreadable
[0827/164522:ERROR:process_info.cc(608)] range at 0xce2f642600000000, size 0x176 fully unreadable
[0827/164522:ERROR:process_info.cc(608)] range at 0x0, size 0x176 fully unreadable
[0827/164522:WARNING:in_range_cast.h(38)] value 1609776959756 out of range
[0827/164522:WARNING:in_range_cast.h(38)] value 1609776972286 out of range
[0827/164522:WARNING:in_range_cast.h(38)] value 1609776959376 out of range
[0827/164522:WARNING:in_range_cast.h(38)] value 1609776972710 out of range
[0827/164522:WARNING:in_range_cast.h(38)] value 1609776960470 out of range
[0827/164522:WARNING:in_range_cast.h(38)] value 1609776960398 out of range
[0827/164522:WARNING:in_range_cast.h(38)] value 1609776963290 out of range
[0827/164522:WARNING:in_range_cast.h(38)] value 1609777560544 out of range
[0827/180933:ERROR:process_info.cc(608)] range at 0x184c64d200000000, size 0x1ac fully unreadable
[0827/180933:ERROR:process_info.cc(608)] range at 0x184c653200000000, size 0x1ac fully unreadable
[0827/180933:ERROR:process_info.cc(608)] range at 0x0, size 0x1ac fully unreadable
[0827/180933:WARNING:in_range_cast.h(38)] value 1838653920892 out of range
[0827/180933:WARNING:in_range_cast.h(38)] value 1838653933422 out of range
[0827/180933:WARNING:in_range_cast.h(38)] value 1838653920512 out of range
[0827/180933:WARNING:in_range_cast.h(38)] value 1838653933846 out of range
[0827/180933:WARNING:in_range_cast.h(38)] value 1838653921606 out of range
[0827/180933:WARNING:in_range_cast.h(38)] value 1838653921534 out of range
[0827/180933:WARNING:in_range_cast.h(38)] value 1838653924426 out of range
[0827/180933:WARNING:in_range_cast.h(38)] value 1838654259728 out of range
[0912/003256:ERROR:process_info.cc(608)] range at 0x40f562ec00000000, size 0x272 fully unreadable
[0912/003256:ERROR:process_info.cc(608)] range at 0x40f5635000000000, size 0x272 fully unreadable
[0912/003256:ERROR:process_info.cc(608)] range at 0x0, size 0x272 fully unreadable
[0912/003256:WARNING:in_range_cast.h(38)] value 2689739329806 out of range
[0912/003256:WARNING:in_range_cast.h(38)] value 2689739342336 out of range
[0912/003256:WARNING:in_range_cast.h(38)] value 2689739329426 out of range
[0912/003256:WARNING:in_range_cast.h(38)] value 2689739342760 out of range
[0912/003256:WARNING:in_range_cast.h(38)] value 2689739330520 out of range
[0912/003256:WARNING:in_range_cast.h(38)] value 2689739330448 out of range
[0912/003256:WARNING:in_range_cast.h(38)] value 2689739333340 out of range
[0912/003256:WARNING:in_range_cast.h(38)] value 2689739932224 out of range
[0912/012735:ERROR:process_info.cc(608)] range at 0x7cbb62f600000000, size 0x11a fully unreadable
[0912/012735:ERROR:process_info.cc(608)] range at 0x7cbb635a00000000, size 0x11a fully unreadable
[0912/012735:ERROR:process_info.cc(608)] range at 0x0, size 0x11a fully unreadable
[0912/012735:WARNING:in_range_cast.h(38)] value 1213273411854 out of range
[0912/012735:WARNING:in_range_cast.h(38)] value 1213273424384 out of range
[0912/012735:WARNING:in_range_cast.h(38)] value 1213273411474 out of range
[0912/012735:WARNING:in_range_cast.h(38)] value 1213273424808 out of range
[0912/012735:WARNING:in_range_cast.h(38)] value 1213273412568 out of range
[0912/012735:WARNING:in_range_cast.h(38)] value 1213273412496 out of range
[0912/012735:WARNING:in_range_cast.h(38)] value 1213273415388 out of range
[0912/012735:WARNING:in_range_cast.h(38)] value 1213274021328 out of range
[0912/014318:ERROR:process_info.cc(608)] range at 0xb395630000000000, size 0x2b7 fully unreadable
[0912/014318:ERROR:process_info.cc(608)] range at 0xb395636200000000, size 0x2b7 fully unreadable
[0912/014318:ERROR:process_info.cc(608)] range at 0x0, size 0x2b7 fully unreadable
[0912/014318:WARNING:in_range_cast.h(38)] value 2988015161610 out of range
[0912/014318:WARNING:in_range_cast.h(38)] value 2988015174140 out of range
[0912/014318:WARNING:in_range_cast.h(38)] value 2988015161230 out of range
[0912/014318:WARNING:in_range_cast.h(38)] value 2988015174564 out of range
[0912/014318:WARNING:in_range_cast.h(38)] value 2988015162324 out of range
[0912/014318:WARNING:in_range_cast.h(38)] value 2988015162252 out of range
[0912/014318:WARNING:in_range_cast.h(38)] value 2988015165144 out of range
[0912/014318:WARNING:in_range_cast.h(38)] value 2988015759648 out of range
[0912/014409:ERROR:process_info.cc(608)] range at 0x8668630400000000, size 0x1e9 fully unreadable
[0912/014409:ERROR:process_info.cc(608)] range at 0x8668636600000000, size 0x1e9 fully unreadable
[0912/014409:ERROR:process_info.cc(608)] range at 0x0, size 0x1e9 fully unreadable
[0912/014409:WARNING:in_range_cast.h(38)] value 2102493974794 out of range
[0912/014409:WARNING:in_range_cast.h(38)] value 2102493987324 out of range
[0912/014409:WARNING:in_range_cast.h(38)] value 2102493974414 out of range
[0912/014409:WARNING:in_range_cast.h(38)] value 2102493987748 out of range
[0912/014409:WARNING:in_range_cast.h(38)] value 2102493975508 out of range
[0912/014409:WARNING:in_range_cast.h(38)] value 2102493975436 out of range
[0912/014409:WARNING:in_range_cast.h(38)] value 2102493978328 out of range
[0912/014409:WARNING:in_range_cast.h(38)] value 2102494577440 out of range
[0912/014413:ERROR:process_info.cc(608)] range at 0x618762fa00000000, size 0x1cc fully unreadable
[0912/014413:ERROR:process_info.cc(608)] range at 0x6187635c00000000, size 0x1cc fully unreadable
[0912/014413:ERROR:process_info.cc(608)] range at 0x0, size 0x1cc fully unreadable
[0912/014413:WARNING:in_range_cast.h(38)] value 1977321197834 out of range
[0912/014413:WARNING:in_range_cast.h(38)] value 1977321210364 out of range
[0912/014413:WARNING:in_range_cast.h(38)] value 1977321197454 out of range
[0912/014413:WARNING:in_range_cast.h(38)] value 1977321210788 out of range
[0912/014413:WARNING:in_range_cast.h(38)] value 1977321198548 out of range
[0912/014413:WARNING:in_range_cast.h(38)] value 1977321198476 out of range
[0912/014413:WARNING:in_range_cast.h(38)] value 1977321201368 out of range
[0912/014413:WARNING:in_range_cast.h(38)] value 1977321789120 out of range
[1126/151111:ERROR:process_info.cc(608)] range at 0x9543775200000000, size 0x1e4 fully unreadable
[1126/151111:ERROR:process_info.cc(608)] range at 0x954377b800000000, size 0x1e4 fully unreadable
[1126/151111:ERROR:process_info.cc(608)] range at 0x0, size 0x1e4 fully unreadable
[1126/151111:WARNING:in_range_cast.h(38)] value 2081268371632 out of range
[1126/151111:WARNING:in_range_cast.h(38)] value 2081268385428 out of range
[1126/151111:WARNING:in_range_cast.h(38)] value 2081268371274 out of range
[1126/151111:WARNING:in_range_cast.h(38)] value 2081268385202 out of range
[1126/151111:WARNING:in_range_cast.h(38)] value 2081268372344 out of range
[1126/151111:WARNING:in_range_cast.h(38)] value 2081268373076 out of range
[1126/151111:WARNING:in_range_cast.h(38)] value 2081268375156 out of range
[1126/151111:WARNING:in_range_cast.h(38)] value 2081269008544 out of range
